<?xml version="1.0" encoding="UTF-8"?>
<testsuite name="com.beyond3.yyGang.user.UserControllerTest" tests="1" skipped="0" failures="0" errors="0" timestamp="2025-04-12T06:40:22" hostname="DESKTOP-7F31LJL" time="0.094">
  <properties/>
  <testcase name="dbConnectionTest()" classname="com.beyond3.yyGang.user.UserControllerTest" time="0.094"/>
  <system-out><![CDATA[]]></system-out>
  <system-err><![CDATA[]]></system-err>
</testsuite>
